<?xml version="1.0" encoding="UTF-8"?>
<!-- Generated by org.testng.reporters.JUnitXMLReporter -->
<testsuite ignored="0" hostname="DESKTOP-PC1K4CV" failures="0" tests="4" name="Default test" time="24.337" errors="0" timestamp="2023-04-13T19:36:58 EDT">
  <testcase classname="com.acti.testcase.LoginPageTest" name="testLoginPageTitle" time="0.023"/>
  <testcase classname="com.acti.testcase.LoginPageTest" name="testactiLogoisDisplayed" time="0.097"/>
  <testcase classname="com.acti.testcase.LoginPageTest" name="testactiLinkisDisplayed" time="0.063"/>
  <testcase classname="com.acti.testcase.LoginPageTest" name="testLoginFunction" time="2.95"/>
</testsuite> <!-- Default test -->
